Determining if the pthread_create exist failed with the following output:
Change Dir: /home/dji/autoFlight/build/CMakeFiles/CMakeTmp

Run Build Command:"/usr/bin/make" "cmTC_4a1df/fast"
/usr/bin/make -f CMakeFiles/cmTC_4a1df.dir/build.make CMakeFiles/cmTC_4a1df.dir/build
make[1]: Entering directory '/home/dji/autoFlight/build/CMakeFiles/CMakeTmp'
Building C object CMakeFiles/cmTC_4a1df.dir/CheckSymbolExists.c.o
/usr/bin/cc     -o CMakeFiles/cmTC_4a1df.dir/CheckSymbolExists.c.o   -c /home/dji/autoFlight/build/CMakeFiles/CMakeTmp/CheckSymbolExists.c
Linking C executable cmTC_4a1df
/usr/bin/cmake -E cmake_link_script CMakeFiles/cmTC_4a1df.dir/link.txt --verbose=1
/usr/bin/cc       CMakeFiles/cmTC_4a1df.dir/CheckSymbolExists.c.o  -o cmTC_4a1df -rdynamic 
CMakeFiles/cmTC_4a1df.dir/CheckSymbolExists.c.o：在函数‘main’中：
CheckSymbolExists.c:(.text+0x14)：对‘pthread_create’未定义的引用
CheckSymbolExists.c:(.text+0x18)：对‘pthread_create’未定义的引用
collect2: error: ld returned 1 exit status
CMakeFiles/cmTC_4a1df.dir/build.make:97: recipe for target 'cmTC_4a1df' failed
make[1]: *** [cmTC_4a1df] Error 1
make[1]: Leaving directory '/home/dji/autoFlight/build/CMakeFiles/CMakeTmp'
Makefile:126: recipe for target 'cmTC_4a1df/fast' failed
make: *** [cmTC_4a1df/fast] Error 2

File /home/dji/autoFlight/build/CMakeFiles/CMakeTmp/CheckSymbolExists.c:
/* */
#include <pthread.h>

int main(int argc, char** argv)
{
  (void)argv;
#ifndef pthread_create
  return ((int*)(&pthread_create))[argc];
#else
  (void)argc;
  return 0;
#endif
}

Determining if the function pthread_create exists in the pthreads failed with the following output:
Change Dir: /home/dji/autoFlight/build/CMakeFiles/CMakeTmp

Run Build Command:"/usr/bin/make" "cmTC_16aa1/fast"
/usr/bin/make -f CMakeFiles/cmTC_16aa1.dir/build.make CMakeFiles/cmTC_16aa1.dir/build
make[1]: Entering directory '/home/dji/autoFlight/build/CMakeFiles/CMakeTmp'
Building C object CMakeFiles/cmTC_16aa1.dir/CheckFunctionExists.c.o
/usr/bin/cc    -DCHECK_FUNCTION_EXISTS=pthread_create   -o CMakeFiles/cmTC_16aa1.dir/CheckFunctionExists.c.o   -c /usr/share/cmake-3.5/Modules/CheckFunctionExists.c
Linking C executable cmTC_16aa1
/usr/bin/cmake -E cmake_link_script CMakeFiles/cmTC_16aa1.dir/link.txt --verbose=1
/usr/bin/cc   -DCHECK_FUNCTION_EXISTS=pthread_create    CMakeFiles/cmTC_16aa1.dir/CheckFunctionExists.c.o  -o cmTC_16aa1 -rdynamic -lpthreads 
/usr/bin/ld: 找不到 -lpthreads
collect2: error: ld returned 1 exit status
CMakeFiles/cmTC_16aa1.dir/build.make:97: recipe for target 'cmTC_16aa1' failed
make[1]: *** [cmTC_16aa1] Error 1
make[1]: Leaving directory '/home/dji/autoFlight/build/CMakeFiles/CMakeTmp'
Makefile:126: recipe for target 'cmTC_16aa1/fast' failed
make: *** [cmTC_16aa1/fast] Error 2


